c:\users\sachi\documents\visual studio 2015\projects\project3_files\codepublisher\analyzer\x64\debug\codeanalyzer.pdb
c:\users\sachi\documents\visual studio 2015\projects\project3_files\codepublisher\analyzer\x64\debug\codeanalyzer.idb
c:\users\sachi\documents\visual studio 2015\projects\project3_files\codepublisher\analyzer\x64\debug\abstrsyntree.obj
c:\users\sachi\documents\visual studio 2015\projects\project3_files\codepublisher\analyzer\x64\debug\filemgr.obj
c:\users\sachi\documents\visual studio 2015\projects\project3_files\codepublisher\analyzer\x64\debug\filesystem.obj
c:\users\sachi\documents\visual studio 2015\projects\project3_files\codepublisher\analyzer\x64\debug\grammarhelpers.obj
c:\users\sachi\documents\visual studio 2015\projects\project3_files\codepublisher\analyzer\x64\debug\logger.obj
c:\users\sachi\documents\visual studio 2015\projects\project3_files\codepublisher\analyzer\x64\debug\actionsandrules.obj
c:\users\sachi\documents\visual studio 2015\projects\project3_files\codepublisher\analyzer\x64\debug\configureparser.obj
c:\users\sachi\documents\visual studio 2015\projects\project3_files\codepublisher\analyzer\x64\debug\parser.obj
c:\users\sachi\documents\visual studio 2015\projects\project3_files\codepublisher\analyzer\x64\debug\scopestack.obj
c:\users\sachi\documents\visual studio 2015\projects\project3_files\codepublisher\analyzer\x64\debug\semiexp.obj
c:\users\sachi\documents\visual studio 2015\projects\project3_files\codepublisher\analyzer\x64\debug\tokenizer.obj
c:\users\sachi\documents\visual studio 2015\projects\project3_files\codepublisher\analyzer\x64\debug\utilities.obj
c:\users\sachi\documents\visual studio 2015\projects\project3_files\codepublisher\analyzer\x64\debug\executive.obj
c:\users\sachi\documents\visual studio 2015\projects\project3_files\codepublisher\x64\debug\codeanalyzer.lib
c:\users\sachi\documents\visual studio 2015\projects\project3_files\codepublisher\x64\debug\codeanalyzer.pdb
c:\users\sachi\documents\visual studio 2015\projects\project3_files\codepublisher\analyzer\x64\debug\codeanalyzer.tlog\cl.command.1.tlog
c:\users\sachi\documents\visual studio 2015\projects\project3_files\codepublisher\analyzer\x64\debug\codeanalyzer.tlog\cl.read.1.tlog
c:\users\sachi\documents\visual studio 2015\projects\project3_files\codepublisher\analyzer\x64\debug\codeanalyzer.tlog\cl.write.1.tlog
c:\users\sachi\documents\visual studio 2015\projects\project3_files\codepublisher\analyzer\x64\debug\codeanalyzer.tlog\lib-link.read.1.tlog
c:\users\sachi\documents\visual studio 2015\projects\project3_files\codepublisher\analyzer\x64\debug\codeanalyzer.tlog\lib-link.write.1.tlog
c:\users\sachi\documents\visual studio 2015\projects\project3_files\codepublisher\analyzer\x64\debug\codeanalyzer.tlog\lib.command.1.tlog
