c:\users\sachi\documents\visual studio 2015\projects\project3_files\codepublisher\graph\x64\debug\vc140.pdb
c:\users\sachi\documents\visual studio 2015\projects\project3_files\codepublisher\graph\x64\debug\vc140.idb
c:\users\sachi\documents\visual studio 2015\projects\project3_files\codepublisher\graph\x64\debug\abstrsyntree.obj
c:\users\sachi\documents\visual studio 2015\projects\project3_files\codepublisher\graph\x64\debug\executive.obj
c:\users\sachi\documents\visual studio 2015\projects\project3_files\codepublisher\graph\x64\debug\logger.obj
c:\users\sachi\documents\visual studio 2015\projects\project3_files\codepublisher\graph\x64\debug\actionsandrules.obj
c:\users\sachi\documents\visual studio 2015\projects\project3_files\codepublisher\graph\x64\debug\parser.obj
c:\users\sachi\documents\visual studio 2015\projects\project3_files\codepublisher\graph\x64\debug\tokenizer.obj
c:\users\sachi\documents\visual studio 2015\projects\project3_files\codepublisher\graph\x64\debug\utilities.obj
c:\users\sachi\documents\visual studio 2015\projects\project3_files\codepublisher\graph\x64\debug\graph.obj
c:\users\sachi\documents\visual studio 2015\projects\project3_files\codepublisher\graph\x64\debug\xmlreader.obj
c:\users\sachi\documents\visual studio 2015\projects\project3_files\codepublisher\graph\x64\debug\xmlwriter.obj
c:\users\sachi\documents\visual studio 2015\projects\project3_files\codepublisher\x64\debug\graph.ilk
c:\users\sachi\documents\visual studio 2015\projects\project3_files\codepublisher\x64\debug\graph.exe
c:\users\sachi\documents\visual studio 2015\projects\project3_files\codepublisher\x64\debug\graph.pdb
c:\users\sachi\documents\visual studio 2015\projects\project3_files\codepublisher\graph\x64\debug\graph.tlog\cl.command.1.tlog
c:\users\sachi\documents\visual studio 2015\projects\project3_files\codepublisher\graph\x64\debug\graph.tlog\cl.read.1.tlog
c:\users\sachi\documents\visual studio 2015\projects\project3_files\codepublisher\graph\x64\debug\graph.tlog\cl.write.1.tlog
c:\users\sachi\documents\visual studio 2015\projects\project3_files\codepublisher\graph\x64\debug\graph.tlog\link.command.1.tlog
c:\users\sachi\documents\visual studio 2015\projects\project3_files\codepublisher\graph\x64\debug\graph.tlog\link.read.1.tlog
c:\users\sachi\documents\visual studio 2015\projects\project3_files\codepublisher\graph\x64\debug\graph.tlog\link.write.1.tlog
